
02/27/2024 18:49:33: --------Verifying Home page Title---
02/27/2024 18:49:33: --------Passed verify Home page test cases---
02/27/2024 18:49:33: --------Opening Log In Page---
02/27/2024 18:49:33: --------Entering Username ---
02/27/2024 18:49:33: --------Entering Password---
02/27/2024 18:49:38: --------Test Case2:Passed.....---
02/27/2024 18:50:27: ------Logged IN---
02/27/2024 18:50:47: -------Customer Saved------
02/27/2024 18:52:25: ------Logged IN---
02/27/2024 18:52:46: -------Customer Saved------
02/27/2024 18:54:02: ------Logged IN---
02/27/2024 18:54:21: -------Customer Saved------
02/27/2024 18:58:21: ------Logged IN---
02/27/2024 18:58:40: -------Customer Saved------
02/27/2024 18:59:47: ------Logged IN---
02/27/2024 19:12:00: --------Verifying Home page Title---
02/27/2024 19:12:00: --------Passed verify Home page test cases---
02/27/2024 19:12:28: ------Logged IN---
02/27/2024 19:14:46: --------Verifying Home page Title---
02/27/2024 19:15:02: ------Logged IN---
02/27/2024 19:15:23: -------Customer Saved------
02/27/2024 19:15:43: --------Verifying Home page Title---
02/27/2024 19:15:43: --------Passed verify Home page test cases---
02/27/2024 19:15:59: ------Logged IN---
02/27/2024 19:16:19: -------Customer Saved------
